<?xml version="1.0" ?>
<coverage branch-rate="0" line-rate="0.6293" timestamp="1518464203668" version="4.0.3">
	<!-- Generated by coverage.py: https://coverage.readthedocs.org -->
	<!-- Based on https://raw.githubusercontent.com/cobertura/web/f0366e5e2cf18f111cbd61fc34ef720a6584ba02/htdocs/xml/coverage-03.dtd -->
	<sources>
		<source>/home/arturomartinez/PycharmProjects/x_cloud_py</source>
		<source>/home/arturomartinez/PycharmProjects/x_cloud_py/x_cloud_p</source>
		<source>/home/arturomartinez/PycharmProjects/x_cloud_py/x_cloud_py</source>
	</sources>
	<packages>
		<package branch-rate="0" complexity="0" line-rate="1" name=".">
			<classes>
				<class branch-rate="0" complexity="0" filename="x_cloud_py.py" line-rate="1" name="x_cloud_py.py">
					<methods/>
					<lines/>
				</class>
			</classes>
		</package>
		<package branch-rate="0" complexity="0" line-rate="1" name="x_cloud_py">
			<classes>
				<class branch-rate="0" complexity="0" filename="x_cloud_py/datastore.py" line-rate="1" name="datastore.py">
					<methods/>
					<lines/>
				</class>
				<class branch-rate="0" complexity="0" filename="x_cloud_py/filestore.py" line-rate="1" name="filestore.py">
					<methods/>
					<lines/>
				</class>
			</classes>
		</package>
		<package branch-rate="0" complexity="0" line-rate="0.475" name="x_cloud_py.datastore">
			<classes>
				<class branch-rate="0" complexity="0" filename="x_cloud_py/datastore/datastore_aws.py" line-rate="0.5246" name="datastore_aws.py">
					<methods/>
					<lines>
						<line hits="1" number="1"/>
						<line hits="1" number="3"/>
						<line hits="1" number="4"/>
						<line hits="1" number="7"/>
						<line hits="1" number="11"/>
						<line hits="1" number="12"/>
						<line hits="1" number="13"/>
						<line hits="1" number="15"/>
						<line hits="1" number="22"/>
						<line hits="1" number="23"/>
						<line hits="1" number="24"/>
						<line hits="1" number="27"/>
						<line hits="1" number="28"/>
						<line hits="1" number="29"/>
						<line hits="1" number="31"/>
						<line hits="1" number="33"/>
						<line hits="1" number="39"/>
						<line hits="1" number="40"/>
						<line hits="1" number="41"/>
						<line hits="1" number="42"/>
						<line hits="1" number="43"/>
						<line hits="1" number="45"/>
						<line hits="0" number="46"/>
						<line hits="0" number="47"/>
						<line hits="0" number="49"/>
						<line hits="1" number="51"/>
						<line hits="1" number="52"/>
						<line hits="1" number="53"/>
						<line hits="1" number="54"/>
						<line hits="1" number="60"/>
						<line hits="1" number="61"/>
						<line hits="1" number="68"/>
						<line hits="0" number="69"/>
						<line hits="0" number="70"/>
						<line hits="0" number="72"/>
						<line hits="1" number="74"/>
						<line hits="0" number="81"/>
						<line hits="0" number="82"/>
						<line hits="0" number="83"/>
						<line hits="0" number="84"/>
						<line hits="0" number="91"/>
						<line hits="0" number="92"/>
						<line hits="0" number="94"/>
						<line hits="1" number="96"/>
						<line hits="0" number="107"/>
						<line hits="0" number="108"/>
						<line hits="0" number="109"/>
						<line hits="0" number="110"/>
						<line hits="0" number="111"/>
						<line hits="0" number="113"/>
						<line hits="1" number="115"/>
						<line hits="0" number="122"/>
						<line hits="0" number="139"/>
						<line hits="0" number="140"/>
						<line hits="0" number="142"/>
						<line hits="0" number="144"/>
						<line hits="0" number="145"/>
						<line hits="0" number="152"/>
						<line hits="0" number="153"/>
						<line hits="0" number="154"/>
						<line hits="0" number="157"/>
					</lines>
				</class>
				<class branch-rate="0" complexity="0" filename="x_cloud_py/datastore/datastore_base.py" line-rate="0.6" name="datastore_base.py">
					<methods/>
					<lines>
						<line hits="1" number="1"/>
						<line hits="1" number="4"/>
						<line hits="1" number="5"/>
						<line hits="1" number="7"/>
						<line hits="0" number="9"/>
						<line hits="1" number="11"/>
						<line hits="0" number="13"/>
						<line hits="1" number="15"/>
						<line hits="0" number="17"/>
						<line hits="1" number="19"/>
						<line hits="0" number="21"/>
						<line hits="1" number="23"/>
						<line hits="0" number="25"/>
						<line hits="1" number="27"/>
						<line hits="0" number="29"/>
					</lines>
				</class>
				<class branch-rate="0" complexity="0" filename="x_cloud_py/datastore/datastore_factory.py" line-rate="0.5" name="datastore_factory.py">
					<methods/>
					<lines>
						<line hits="1" number="1"/>
						<line hits="1" number="2"/>
						<line hits="1" number="5"/>
						<line hits="1" number="6"/>
						<line hits="0" number="7"/>
						<line hits="0" number="8"/>
						<line hits="0" number="9"/>
						<line hits="0" number="10"/>
						<line hits="0" number="11"/>
						<line hits="1" number="13"/>
					</lines>
				</class>
				<class branch-rate="0" complexity="0" filename="x_cloud_py/datastore/datastore_gcp.py" line-rate="0.3235" name="datastore_gcp.py">
					<methods/>
					<lines>
						<line hits="1" number="1"/>
						<line hits="1" number="2"/>
						<line hits="1" number="4"/>
						<line hits="1" number="7"/>
						<line hits="1" number="8"/>
						<line hits="0" number="9"/>
						<line hits="1" number="11"/>
						<line hits="0" number="18"/>
						<line hits="0" number="19"/>
						<line hits="0" number="20"/>
						<line hits="0" number="21"/>
						<line hits="0" number="22"/>
						<line hits="0" number="23"/>
						<line hits="0" number="24"/>
						<line hits="0" number="26"/>
						<line hits="1" number="28"/>
						<line hits="0" number="36"/>
						<line hits="0" number="37"/>
						<line hits="0" number="38"/>
						<line hits="0" number="39"/>
						<line hits="0" number="40"/>
						<line hits="0" number="42"/>
						<line hits="1" number="44"/>
						<line hits="0" number="52"/>
						<line hits="0" number="54"/>
						<line hits="0" number="56"/>
						<line hits="0" number="58"/>
						<line hits="1" number="60"/>
						<line hits="0" number="61"/>
						<line hits="1" number="63"/>
						<line hits="0" number="64"/>
						<line hits="1" number="66"/>
						<line hits="0" number="73"/>
						<line hits="0" number="74"/>
					</lines>
				</class>
			</classes>
		</package>
		<package branch-rate="0" complexity="0" line-rate="0.7946" name="x_cloud_py.filestore">
			<classes>
				<class branch-rate="0" complexity="0" filename="x_cloud_py/filestore/filestore_aws.py" line-rate="0.8539" name="filestore_aws.py">
					<methods/>
					<lines>
						<line hits="1" number="1"/>
						<line hits="1" number="3"/>
						<line hits="1" number="4"/>
						<line hits="1" number="7"/>
						<line hits="1" number="11"/>
						<line hits="1" number="12"/>
						<line hits="1" number="13"/>
						<line hits="1" number="15"/>
						<line hits="1" number="23"/>
						<line hits="1" number="24"/>
						<line hits="1" number="28"/>
						<line hits="1" number="29"/>
						<line hits="1" number="30"/>
						<line hits="1" number="31"/>
						<line hits="1" number="36"/>
						<line hits="1" number="38"/>
						<line hits="1" number="46"/>
						<line hits="1" number="47"/>
						<line hits="0" number="48"/>
						<line hits="0" number="49"/>
						<line hits="0" number="54"/>
						<line hits="1" number="56"/>
						<line hits="1" number="64"/>
						<line hits="1" number="65"/>
						<line hits="1" number="66"/>
						<line hits="1" number="67"/>
						<line hits="1" number="72"/>
						<line hits="1" number="74"/>
						<line hits="1" number="82"/>
						<line hits="1" number="83"/>
						<line hits="1" number="88"/>
						<line hits="1" number="89"/>
						<line hits="0" number="91"/>
						<line hits="0" number="92"/>
						<line hits="0" number="96"/>
						<line hits="1" number="98"/>
						<line hits="1" number="106"/>
						<line hits="1" number="107"/>
						<line hits="1" number="111"/>
						<line hits="1" number="112"/>
						<line hits="1" number="113"/>
						<line hits="1" number="114"/>
						<line hits="0" number="116"/>
						<line hits="1" number="117"/>
						<line hits="1" number="118"/>
						<line hits="1" number="122"/>
						<line hits="1" number="124"/>
						<line hits="1" number="131"/>
						<line hits="1" number="132"/>
						<line hits="1" number="134"/>
						<line hits="1" number="135"/>
						<line hits="1" number="140"/>
						<line hits="1" number="142"/>
						<line hits="1" number="150"/>
						<line hits="1" number="151"/>
						<line hits="1" number="155"/>
						<line hits="1" number="156"/>
						<line hits="1" number="157"/>
						<line hits="1" number="158"/>
						<line hits="1" number="159"/>
						<line hits="0" number="160"/>
						<line hits="0" number="161"/>
						<line hits="0" number="163"/>
						<line hits="0" number="164"/>
						<line hits="0" number="165"/>
						<line hits="1" number="166"/>
						<line hits="1" number="168"/>
						<line hits="1" number="169"/>
						<line hits="1" number="170"/>
						<line hits="1" number="175"/>
						<line hits="1" number="177"/>
						<line hits="0" number="178"/>
						<line hits="1" number="180"/>
						<line hits="1" number="181"/>
						<line hits="1" number="182"/>
						<line hits="1" number="185"/>
						<line hits="1" number="186"/>
						<line hits="1" number="188"/>
						<line hits="1" number="190"/>
						<line hits="1" number="191"/>
						<line hits="1" number="192"/>
						<line hits="1" number="195"/>
						<line hits="1" number="196"/>
						<line hits="1" number="197"/>
						<line hits="1" number="198"/>
						<line hits="1" number="205"/>
						<line hits="1" number="206"/>
						<line hits="1" number="207"/>
						<line hits="1" number="210"/>
					</lines>
				</class>
				<class branch-rate="0" complexity="0" filename="x_cloud_py/filestore/filestore_base.py" line-rate="0.5652" name="filestore_base.py">
					<methods/>
					<lines>
						<line hits="1" number="1"/>
						<line hits="1" number="4"/>
						<line hits="1" number="5"/>
						<line hits="1" number="7"/>
						<line hits="0" number="9"/>
						<line hits="1" number="11"/>
						<line hits="0" number="13"/>
						<line hits="1" number="15"/>
						<line hits="0" number="17"/>
						<line hits="1" number="19"/>
						<line hits="0" number="21"/>
						<line hits="1" number="23"/>
						<line hits="0" number="25"/>
						<line hits="1" number="27"/>
						<line hits="0" number="29"/>
						<line hits="1" number="31"/>
						<line hits="0" number="33"/>
						<line hits="1" number="35"/>
						<line hits="0" number="37"/>
						<line hits="1" number="39"/>
						<line hits="0" number="41"/>
						<line hits="1" number="43"/>
						<line hits="0" number="45"/>
					</lines>
				</class>
			</classes>
		</package>
	</packages>
</coverage>
