<?xml version="1.0" encoding="UTF-8"?><testsuite name="nosetests" tests="22" errors="0" failures="0" skip="0"><testcase classname="tests.integration.test_integration_filestore_aws.TestUnitFileStoreAws" name="test_001_given_valid_bucket_name_when_call_create_bucket_then_bucket_is_created" time="0.976"></testcase><testcase classname="tests.integration.test_integration_filestore_aws.TestUnitFileStoreAws" name="test_002_given_valid_key_when_call_put_object_then_objetc_is_put" time="0.611"></testcase><testcase classname="tests.integration.test_integration_filestore_aws.TestUnitFileStoreAws" name="test_003_given_valid_key_for_a_object_that_exist_when_call_get_object_then_object_is_return" time="0.358"></testcase><testcase classname="tests.integration.test_integration_filestore_aws.TestUnitFileStoreAws" name="test_004_given_valid_prefix_when_call_list_object_then_keys_are_returned" time="0.635"></testcase><testcase classname="tests.integration.test_integration_filestore_aws.TestUnitFileStoreAws" name="test_005_given_valid_file_when_call_upload_fileobj_then_file_is_uploaded" time="0.527"></testcase><testcase classname="tests.integration.test_integration_filestore_aws.TestUnitFileStoreAws" name="test_006_given_invalid_key_when_call_download_fileobj_then_then_exception_is_throw" time="0.137"></testcase><testcase classname="tests.integration.test_integration_filestore_aws.TestUnitFileStoreAws" name="test_007_given_already_exist_bucket_when_call_create_bucket_then_exception_is_throw" time="0.732"></testcase><testcase classname="tests.integration.test_integration_filestore_aws.TestUnitFileStoreAws" name="test_008_given_valid_path_when_call_donwload_file_then_file_is_downloaded" time="0.725"></testcase><testcase classname="tests.integration.test_integration_filestore_aws.TestUnitFileStoreAws" name="test_009_given_not_exist_key_when_call_get_object_then_exception_is_throw" time="0.126"></testcase><testcase classname="tests.integration.test_integration_filestore_aws.TestUnitFileStoreAws" name="test_010_given_not_exist_key_when_call_download_file_then_exception_is_throw" time="0.126"></testcase><testcase classname="tests.integration.test_integration_filestore_aws.TestUnitFileStoreAws" name="test_011_given_path_with_no_element_when_call_list_files_then_return_empty_list" time="0.124"></testcase><testcase classname="tests.integration.test_integration_filestore_aws.TestUnitFileStoreAws" name="test_012_given_invalid_bucket_when_call_list_files_then_exception_is_throw" time="0.327"></testcase><testcase classname="tests.integration.test_integration_filestore_aws.TestUnitFileStoreAws" name="test_013_given_valid_key_when_call_delete_object_then_object_is_deleted" time="0.252"></testcase><testcase classname="tests.integration.test_integration_filestore_aws.TestUnitFileStoreAws" name="test_014_given_not_exist_key_when_call_delete_object_then_exception_is_not_throw" time="0.123"></testcase><testcase classname="tests.integration.test_integration_filestore_aws.TestUnitFileStoreAws" name="test_015_given_not_exist_bucket_when_call_delete_object_then_exception_is_throw" time="0.206"></testcase><testcase classname="tests.integration.test_integration_filestore_aws.TestUnitFileStoreAws" name="test_016_given_valid_bucket_when_call_delete_bucket_in_not_empty_bucket_then_exception_is_throw" time="0.133"></testcase><testcase classname="tests.integration.test_integration_filestore_aws.TestUnitFileStoreAws" name="test_017_given_empty_bucket_when_call_delete_bucket_then_bucket_is_deleted" time="1.569"></testcase><testcase classname="tests.unit.test_unit_datastore_aws.TestUnitDataStoreAws" name="test_given_invalid_item_when_put_element_then_exception_is_throw" time="0.004"></testcase><testcase classname="tests.unit.test_unit_datastore_aws.TestUnitDataStoreAws" name="test_given_valid_item_when_put_element_then_item_is_inserted" time="0.003"></testcase><testcase classname="tests.unit.test_unit_datastore_aws.TestUnitDataStoreAws" name="test_given_valid_params_when_call_update_throughput_then_table_is_updated" time="0.005"></testcase><testcase classname="tests.unit.test_unit_datastore_aws.TestUnitDataStoreAws" name="test_given_valid_table_id_and_invalid_key_when_get_element_then_element_is_not_return" time="0.003"></testcase><testcase classname="tests.unit.test_unit_datastore_aws.TestUnitDataStoreAws" name="test_given_valid_table_id_and_valid_key_when_get_element_then_element_is_return" time="0.003"></testcase></testsuite>