<?xml version="1.0" encoding="UTF-8"?><testsuite name="nosetests" tests="9" errors="0" failures="0" skip="0"><testcase classname="tests.integration.test_integration_filestore_aws.TestUnitFileStoreAws" name="test_given_valid_bucket_name_when_call_create_bucket_then_bucket_is_created" time="6.214"><system-out><![CDATA[Ready.
]]></system-out></testcase><testcase classname="tests.integration.test_integration_filestore_aws.TestUnitFileStoreAws" name="test_given_valid_key_for_a_object_that_exist_when_call_get_object_then_object_is_return" time="3.945"><system-out><![CDATA[Ready.
]]></system-out></testcase><testcase classname="tests.integration.test_integration_filestore_aws.TestUnitFileStoreAws" name="test_given_valid_key_when_call_put_object_then_objetc_is_put" time="3.849"><system-out><![CDATA[Ready.
]]></system-out></testcase><testcase classname="tests.integration.test_integration_filestore_aws.TestUnitFileStoreAws" name="test_given_valid_prefix_when_call_list_object_then_keys_are_returned" time="4.218"><system-out><![CDATA[Ready.
]]></system-out></testcase><testcase classname="tests.unit.test_unit_datastore_aws.TestUnitDataStoreAws" name="test_given_invalid_item_when_put_element_then_exception_is_throw" time="0.008"></testcase><testcase classname="tests.unit.test_unit_datastore_aws.TestUnitDataStoreAws" name="test_given_valid_item_when_put_element_then_item_is_inserted" time="0.003"></testcase><testcase classname="tests.unit.test_unit_datastore_aws.TestUnitDataStoreAws" name="test_given_valid_params_when_call_update_throughput_then_table_is_updated" time="0.005"></testcase><testcase classname="tests.unit.test_unit_datastore_aws.TestUnitDataStoreAws" name="test_given_valid_table_id_and_invalid_key_when_get_element_then_element_is_not_return" time="0.003"></testcase><testcase classname="tests.unit.test_unit_datastore_aws.TestUnitDataStoreAws" name="test_given_valid_table_id_and_valid_key_when_get_element_then_element_is_return" time="0.043"></testcase></testsuite>